<?xml version="1.0" encoding="UTF-8"?>
<testsuite xmlns:xsi="http://www.w3.org/2001/XMLSchema-instance" xsi:noNamespaceSchemaLocation="https://maven.apache.org/surefire/maven-surefire-plugin/xsd/surefire-test-report.xsd" name="hn.uth.com.proyecto.maven.tarea.AppTest" time="0.011" tests="14" errors="0" skipped="0" failures="0">
  <properties>
    <property name="java.specification.version" value="17"/>
    <property name="sun.cpu.isalist" value="amd64"/>
    <property name="sun.jnu.encoding" value="Cp1252"/>
    <property name="java.class.path" value="C:\Users\esdrasclth\eclipse-workspace\proyecto.maven.tarea\target\test-classes;C:\Users\esdrasclth\eclipse-workspace\proyecto.maven.tarea\target\classes;C:\Users\esdrasclth\.m2\repository\junit\junit\4.13.2\junit-4.13.2.jar;C:\Users\esdrasclth\.m2\repository\org\hamcrest\hamcrest-core\1.3\hamcrest-core-1.3.jar;"/>
    <property name="java.vm.vendor" value="Eclipse Adoptium"/>
    <property name="sun.arch.data.model" value="64"/>
    <property name="user.variant" value=""/>
    <property name="java.vendor.url" value="https://adoptium.net/"/>
    <property name="user.timezone" value="America/Tegucigalpa"/>
    <property name="os.name" value="Windows 10"/>
    <property name="java.vm.specification.version" value="17"/>
    <property name="sun.java.launcher" value="SUN_STANDARD"/>
    <property name="user.country" value="HN"/>
    <property name="sun.boot.library.path" value="C:\Users\esdrasclth\.p2\pool\plugins\org.eclipse.justj.openjdk.hotspot.jre.full.win32.x86_64_17.0.4.v20220903-1038\jre\bin"/>
    <property name="sun.java.command" value="C:\Users\ESDRAS~1\AppData\Local\Temp\surefire1287253216442301197\surefirebooter3680062833044331457.jar C:\Users\esdrasclth\AppData\Local\Temp\surefire1287253216442301197 2023-06-15T20-07-45_648-jvmRun1 surefire4113151420030215936tmp surefire_017735260940045755854tmp"/>
    <property name="jdk.debug" value="release"/>
    <property name="surefire.test.class.path" value="C:\Users\esdrasclth\eclipse-workspace\proyecto.maven.tarea\target\test-classes;C:\Users\esdrasclth\eclipse-workspace\proyecto.maven.tarea\target\classes;C:\Users\esdrasclth\.m2\repository\junit\junit\4.13.2\junit-4.13.2.jar;C:\Users\esdrasclth\.m2\repository\org\hamcrest\hamcrest-core\1.3\hamcrest-core-1.3.jar;"/>
    <property name="sun.cpu.endian" value="little"/>
    <property name="user.home" value="C:\Users\esdrasclth"/>
    <property name="user.language" value="es"/>
    <property name="java.specification.vendor" value="Oracle Corporation"/>
    <property name="java.version.date" value="2022-08-12"/>
    <property name="java.home" value="C:\Users\esdrasclth\.p2\pool\plugins\org.eclipse.justj.openjdk.hotspot.jre.full.win32.x86_64_17.0.4.v20220903-1038\jre"/>
    <property name="file.separator" value="\"/>
    <property name="style.color" value="always"/>
    <property name="basedir" value="C:\Users\esdrasclth\eclipse-workspace\proyecto.maven.tarea"/>
    <property name="java.vm.compressedOopsMode" value="Zero based"/>
    <property name="line.separator" value="&#10;"/>
    <property name="java.vm.specification.vendor" value="Oracle Corporation"/>
    <property name="java.specification.name" value="Java Platform API Specification"/>
    <property name="surefire.real.class.path" value="C:\Users\ESDRAS~1\AppData\Local\Temp\surefire1287253216442301197\surefirebooter3680062833044331457.jar"/>
    <property name="user.script" value=""/>
    <property name="sun.management.compiler" value="HotSpot 64-Bit Tiered Compilers"/>
    <property name="java.runtime.version" value="17.0.4.1+1"/>
    <property name="user.name" value="CLON"/>
    <property name="path.separator" value=";"/>
    <property name="os.version" value="10.0"/>
    <property name="java.runtime.name" value="OpenJDK Runtime Environment"/>
    <property name="file.encoding" value="Cp1252"/>
    <property name="java.vm.name" value="OpenJDK 64-Bit Server VM"/>
    <property name="java.vendor.version" value="Temurin-17.0.4.1+1"/>
    <property name="localRepository" value="C:\Users\esdrasclth\.m2\repository"/>
    <property name="java.vendor.url.bug" value="https://github.com/adoptium/adoptium-support/issues"/>
    <property name="java.io.tmpdir" value="C:\Users\ESDRAS~1\AppData\Local\Temp\"/>
    <property name="java.version" value="17.0.4.1"/>
    <property name="user.dir" value="C:\Users\esdrasclth\eclipse-workspace\proyecto.maven.tarea"/>
    <property name="os.arch" value="amd64"/>
    <property name="java.vm.specification.name" value="Java Virtual Machine Specification"/>
    <property name="sun.os.patch.level" value=""/>
    <property name="native.encoding" value="Cp1252"/>
    <property name="java.library.path" value="C:\Users\esdrasclth\.p2\pool\plugins\org.eclipse.justj.openjdk.hotspot.jre.full.win32.x86_64_17.0.4.v20220903-1038\jre\bin;C:\Windows\Sun\Java\bin;C:\Windows\system32;C:\Windows;C:/Users/esdrasclth/.p2/pool/plugins/org.eclipse.justj.openjdk.hotspot.jre.full.win32.x86_64_17.0.4.v20220903-1038/jre/bin/server;C:/Users/esdrasclth/.p2/pool/plugins/org.eclipse.justj.openjdk.hotspot.jre.full.win32.x86_64_17.0.4.v20220903-1038/jre/bin;C:\Program Files\Common Files\Oracle\Java\javapath;C:\Program Files (x86)\Common Files\Intel\Shared Libraries\redist\intel64\compiler;C:\Windows\system32;C:\Windows;C:\Windows\System32\Wbem;C:\Windows\System32\WindowsPowerShell\v1.0\;C:\Windows\System32\OpenSSH\;C:\Program Files\Git\cmd;C:\Program Files\MongoDB\Server\4.4\bin;C:\Program Files (x86)\Yarn\bin\;C:\Program Files\dotnet\;C:\Program Files\Microsoft SQL Server\130\Tools\Binn\;C:\Program Files\Microsoft SQL Server\Client SDK\ODBC\170\Tools\Binn\;C:\Program Files (x86)\Microsoft SQL Server\150\Tools\Binn\;C:\Program Files\Microsoft SQL Server\150\Tools\Binn\;C:\Program Files\Microsoft SQL Server\150\DTS\Binn\;C:\Program Files (x86)\Microsoft SQL Server\150\DTS\Binn\;C:\Program Files\Azure Data Studio\bin;C:\Program Files (x86)\NVIDIA Corporation\PhysX\Common;C:\Program Files\NVIDIA Corporation\NVIDIA NvDLISR;C:\Program Files\Java\jdk-16.0.1\bin;C:\Program Files\MySQL\MySQL Shell 8.0\bin;C:\ProgramData\chocolatey\bin;C:\Program Files\nodejs\;C:\Program Files\maven\bin;;C:\Program Files\Docker\Docker\resources\bin;C:\Program Files\PuTTY\;C:\Program Files\MySQL\MySQL Shell 8.0\bin\;C:\Users\esdrasclth\AppData\Local\Microsoft\WindowsApps;C:\Users\CLON\AppData\Roaming\npm;C:\Users\esdrasclth\AppData\Local\Yarn\bin;C:\Users\esdrasclth\AppData\Local\Programs\Microsoft VS Code\bin;C:\Users\esdrasclth\.dotnet\tools;C:\Program Files\Azure Data Studio\bin;C:\Program Files\heroku\bin;C:\tools\neovim\Neovim\bin;C:\Users\esdrasclth\AppData\Roaming\npm;C:\Users\esdrasclth\AppData\Local\GitHubDesktop\bin;C:\Windows\system32;;."/>
    <property name="java.vm.info" value="mixed mode"/>
    <property name="java.vendor" value="Eclipse Adoptium"/>
    <property name="java.vm.version" value="17.0.4.1+1"/>
    <property name="sun.io.unicode.encoding" value="UnicodeLittle"/>
    <property name="java.class.version" value="61.0"/>
  </properties>
  <testcase name="pruebaAreaRectanguloEnterosNegativos" classname="hn.uth.com.proyecto.maven.tarea.AppTest" time="0.004"/>
  <testcase name="pruebaAreaCuadradoEnterosPositivos" classname="hn.uth.com.proyecto.maven.tarea.AppTest" time="0"/>
  <testcase name="pruebaAreaTrianguloEnterosPositivos" classname="hn.uth.com.proyecto.maven.tarea.AppTest" time="0"/>
  <testcase name="pruebaAreaCirculoEnterosPositivos" classname="hn.uth.com.proyecto.maven.tarea.AppTest" time="0"/>
  <testcase name="pruebaAreaCuadradoEnterosNegativos" classname="hn.uth.com.proyecto.maven.tarea.AppTest" time="0"/>
  <testcase name="pruebaAreaTrianguloEnterosNegativos" classname="hn.uth.com.proyecto.maven.tarea.AppTest" time="0"/>
  <testcase name="pruebaAreaCirculoEnterosNegativos" classname="hn.uth.com.proyecto.maven.tarea.AppTest" time="0"/>
  <testcase name="pruebaAreaCuadradoValorCero" classname="hn.uth.com.proyecto.maven.tarea.AppTest" time="0"/>
  <testcase name="pruebaAreaTrianguloBaseCero" classname="hn.uth.com.proyecto.maven.tarea.AppTest" time="0"/>
  <testcase name="pruebaAreaCirculoValorCero" classname="hn.uth.com.proyecto.maven.tarea.AppTest" time="0"/>
  <testcase name="pruebaAreaTrianguloAlturaCero" classname="hn.uth.com.proyecto.maven.tarea.AppTest" time="0"/>
  <testcase name="pruebaAreaRectanguloAlturaCero" classname="hn.uth.com.proyecto.maven.tarea.AppTest" time="0"/>
  <testcase name="pruebaAreaRectanguloEnterosPositivos" classname="hn.uth.com.proyecto.maven.tarea.AppTest" time="0"/>
  <testcase name="pruebaAreaRectanguloBaseCero" classname="hn.uth.com.proyecto.maven.tarea.AppTest" time="0"/>
</testsuite>